<?xml version="1.0" encoding="UTF-8"?>
<!-- Generated by org.testng.reporters.JUnitReportReporter -->
<testsuite hostname="DESKTOP-K4PK96U" failures="0" tests="1" name="testNGExamples.TestRegistrationPage" time="11.351" errors="0" timestamp="2023-01-31T16:54:56 IST" skipped="0">
  <testcase classname="testNGExamples.TestRegistrationPage" name="registrationForm" time="11.351"/>
  <system-out/>
</testsuite> <!-- testNGExamples.TestRegistrationPage -->
