<?xml version="1.0" encoding="UTF-8"?>
<!-- Generated by org.testng.reporters.JUnitReportReporter -->
<testsuite hostname="DESKTOP-K4PK96U" failures="0" tests="8" name="TestNgPractic2.TestCase1" time="0.068" errors="0" timestamp="2023-02-03T22:21:22 IST" skipped="0">
  <testcase classname="TestNgPractic2.TestCase1" name="userReg" time="0.006"/>
  <system-out>
    <![CDATA[userReg : TEST CASE PASSED ..]]>
  </system-out>
  <testcase classname="TestNgPractic2.TestCase1" name="userReg" time="0.021"/>
  <system-out>
    <![CDATA[userReg : TEST CASE PASSED ..]]>
  </system-out>
  <testcase classname="TestNgPractic2.TestCase1" name="userReg" time="0.005"/>
  <system-out>
    <![CDATA[userReg : TEST CASE PASSED ..]]>
  </system-out>
  <testcase classname="TestNgPractic2.TestCase1" name="userReg" time="0.004"/>
  <system-out>
    <![CDATA[userReg : TEST CASE PASSED ..]]>
  </system-out>
  <testcase classname="TestNgPractic2.TestCase1" name="doLogin" time="0.011"/>
  <system-out>
    <![CDATA[doLogin : TEST CASE PASSED ..]]>
  </system-out>
  <testcase classname="TestNgPractic2.TestCase1" name="doLogin" time="0.005"/>
  <system-out>
    <![CDATA[doLogin : TEST CASE PASSED ..]]>
  </system-out>
  <testcase classname="TestNgPractic2.TestCase1" name="testm1" time="0.013"/>
  <system-out>
    <![CDATA[testm1 : TEST CASE PASSED ..]]>
  </system-out>
  <testcase classname="TestNgPractic2.TestCase1" name="testm1" time="0.003"/>
  <system-out>
    <![CDATA[testm1 : TEST CASE PASSED ..]]>
  </system-out>
</testsuite> <!-- TestNgPractic2.TestCase1 -->
