<?xml version="1.0" encoding="UTF-8"?>
<!-- Generated by org.testng.reporters.JUnitReportReporter -->
<testsuite hostname="DESKTOP-K4PK96U" failures="0" tests="1" name="TestNgPractic2.TestCase2" time="0.002" errors="0" timestamp="2023-02-03T22:21:22 IST" skipped="0">
  <testcase classname="TestNgPractic2.TestCase2" name="tc2m1" time="0.002"/>
  <system-out>
    <![CDATA[tc2m1 : TEST CASE PASSED ..]]>
  </system-out>
</testsuite> <!-- TestNgPractic2.TestCase2 -->
