<?xml version="1.0" encoding="UTF-8"?>
<!-- Generated by org.testng.reporters.JUnitReportReporter -->
<testsuite hostname="DESKTOP-K4PK96U" failures="0" tests="1" name="testcases.FacebookTest" time="22.145" errors="0" timestamp="2023-01-09T13:40:49 IST" skipped="0">
  <testcase classname="testcases.FacebookTest" name="facebookTest" time="22.145"/>
  <system-out/>
</testsuite> <!-- testcases.FacebookTest -->
